<?xml version="1.0" encoding="UTF-8"?>
<testng-results skipped="0" failed="0" ignored="0" total="0" passed="0">
  <reporter-output>
  </reporter-output>
  <suite name="tests.Tests" duration-ms="7095" started-at="2019-09-30T19:44:47 IST" finished-at="2019-09-30T19:44:55 IST">
    <groups>
    </groups>
    <test name="Command line test" duration-ms="7095" started-at="2019-09-30T19:44:47 IST" finished-at="2019-09-30T19:44:55 IST">
      <class name="tests.Tests">
        <test-method status="PASS" signature="launchDevice()[pri:0, instance:tests.Tests@754ba872]" name="launchDevice" is-config="true" duration-ms="5836" started-at="2019-09-30T19:44:47 IST" finished-at="2019-09-30T19:44:53 IST">
          <reporter-output>
          </reporter-output>
        </test-method> <!-- launchDevice -->
        <test-method status="PASS" signature="teardown()[pri:0, instance:tests.Tests@754ba872]" name="teardown" is-config="true" duration-ms="1239" started-at="2019-09-30T19:44:53 IST" finished-at="2019-09-30T19:44:55 IST">
          <reporter-output>
          </reporter-output>
        </test-method> <!-- teardown -->
      </class> <!-- tests.Tests -->
    </test> <!-- Command line test -->
  </suite> <!-- tests.Tests -->
</testng-results>
